#
# There is insufficient memory for the Java Runtime Environment to continue.
# Native memory allocation (malloc) failed to allocate 32744 bytes for ChunkPool::allocate
# Possible reasons:
#   The system is out of physical RAM or swap space
#   In 32 bit mode, the process size limit was hit
# Possible solutions:
#   Reduce memory load on the system
#   Increase physical memory or swap space
#   Check if swap backing store is full
#   Use 64 bit Java on a 64 bit OS
#   Decrease Java heap size (-Xmx/-Xms)
#   Decrease number of Java threads
#   Decrease Java thread stack sizes (-Xss)
#   Set larger code cache with -XX:ReservedCodeCacheSize=
# This output file may be truncated or incomplete.
#
#  Out of Memory Error (allocation.cpp:273), pid=1772, tid=7972
#
# JRE version: Java(TM) SE Runtime Environment (8.0_60-b27) (build 1.8.0_60-b27)
# Java VM: Java HotSpot(TM) 64-Bit Server VM (25.60-b23 mixed mode windows-amd64 compressed oops)
# Failed to write core dump. Minidumps are not enabled by default on client versions of Windows
#

---------------  T H R E A D  ---------------

Current thread (0x00000000552c6800):  JavaThread "C2 CompilerThread0" daemon [_thread_in_native, id=7972, stack(0x0000000056ab0000,0x0000000056bb0000)]

Stack: [0x0000000056ab0000,0x0000000056bb0000]
[error occurred during error reporting (printing stack bounds), id 0xc0000005]

Native frames: (J=compiled Java code, j=interpreted, Vv=VM code, C=native code)


Current CompileTask:
C2:    827  284       4       java.util.regex.Pattern::next (33 bytes)


---------------  P R O C E S S  ---------------

Java Threads: ( => current thread )
  0x0000000056e2b000 JavaThread "Service Thread" daemon [_thread_blocked, id=8744, stack(0x0000000057230000,0x0000000057330000)]
  0x0000000056dff000 JavaThread "C1 CompilerThread2" daemon [_thread_in_native, id=2924, stack(0x0000000056480000,0x0000000056580000)]
  0x00000000552cb000 JavaThread "C2 CompilerThread1" daemon [_thread_in_native, id=10020, stack(0x0000000056cb0000,0x0000000056db0000)]
=>0x00000000552c6800 JavaThread "C2 CompilerThread0" daemon [_thread_in_native, id=7972, stack(0x0000000056ab0000,0x0000000056bb0000)]
  0x00000000552c4000 JavaThread "Attach Listener" daemon [_thread_blocked, id=7784, stack(0x0000000056930000,0x0000000056a30000)]
  0x00000000552c0800 JavaThread "Signal Dispatcher" daemon [_thread_blocked, id=8524, stack(0x0000000056770000,0x0000000056870000)]
  0x0000000055266800 JavaThread "Finalizer" daemon [_thread_blocked, id=10164, stack(0x00000000565a0000,0x00000000566a0000)]
  0x000000005525f800 JavaThread "Reference Handler" daemon [_thread_blocked, id=8424, stack(0x0000000056280000,0x0000000056380000)]
  0x000000000222e800 JavaThread "main" [_thread_in_vm, id=8396, stack(0x00000000024f0000,0x00000000025f0000)]

Other Threads:
  0x000000005525a000 VMThread [stack: 0x0000000056380000,0x0000000056480000] [id=7536]
  0x0000000056e34000 WatcherThread [stack: 0x0000000057410000,0x0000000057510000] [id=8696]

VM state:not at safepoint (normal execution)

VM Mutex/Monitor currently owned by a thread: None

Heap:
 PSYoungGen      total 18944K, used 6421K [0x00000000ead00000, 0x00000000ec200000, 0x0000000100000000)
  eden space 16384K, 39% used [0x00000000ead00000,0x00000000eb3455c0,0x00000000ebd00000)
  from space 2560K, 0% used [0x00000000ebf80000,0x00000000ebf80000,0x00000000ec200000)
  to   space 2560K, 0% used [0x00000000ebd00000,0x00000000ebd00000,0x00000000ebf80000)
 ParOldGen       total 44032K, used 0K [0x00000000c0600000, 0x00000000c3100000, 0x00000000ead00000)
  object space 44032K, 0% used [0x00000000c0600000,0x00000000c0600000,0x00000000c3100000)
 Metaspace       used 4326K, capacity 5656K, committed 6016K, reserved 1056768K
  class space    used 485K, capacity 520K, committed 640K, reserved 1048576K

Card table byte_map: [0x0000000011c80000,0x0000000011e80000] byte_map_base: 0x000000001167d000

Marking Bits: (ParMarkBitMap*) 0x000000006121a5b0
 Begin Bits: [0x0000000012700000, 0x00000000136e8000)
 End Bits:   [0x00000000136e8000, 0x00000000146d0000)

Polling page: 0x0000000000130000

CodeCache: size=245760Kb used=1701Kb max_used=1712Kb free=244058Kb
 bounds [0x00000000028c0000, 0x0000000002b30000, 0x00000000118c0000]
 total_blobs=521 nmethods=272 adapters=162
 compilation: enabled

Compilation events (10 events):
Event: 0.818 Thread 0x0000000056dff000  266       3       sun.net.www.protocol.file.Handler::parseURL (18 bytes)
Event: 0.818 Thread 0x0000000056dff000 nmethod 266 0x0000000002a68a10 code [0x0000000002a68b80, 0x0000000002a68df8]
Event: 0.818 Thread 0x0000000056dff000  267       3       java.net.URLStreamHandler::parseURL (1158 bytes)
Event: 0.821 Thread 0x00000000552cb000 nmethod 271% 0x0000000002a6bf10 code [0x0000000002a6c060, 0x0000000002a6c458]
Event: 0.821 Thread 0x00000000552cb000  278       4       java.lang.String::codePointAt (36 bytes)
Event: 0.822 Thread 0x00000000552cb000 nmethod 278 0x0000000002a6c710 code [0x0000000002a6c860, 0x0000000002a6c938]
Event: 0.822 Thread 0x00000000552cb000  279       4       java.util.regex.Matcher::reset (83 bytes)
Event: 0.823 Thread 0x00000000552c6800  280       4       java.util.regex.Pattern::peek (26 bytes)
Event: 0.824 Thread 0x00000000552c6800 nmethod 280 0x0000000002a68f10 code [0x0000000002a69040, 0x0000000002a690f8]
Event: 0.824 Thread 0x00000000552c6800  284       4       java.util.regex.Pattern::next (33 bytes)

GC Heap History (0 events):
No events

Deoptimization events (1 events):
Event: 0.623 Thread 0x000000000222e800 Uncommon trap: reason=unstable_if action=reinterpret pc=0x0000000002a15ca8 method=java.lang.String.indexOf([CII[CIII)I @ 134

Internal exceptions (2 events):
Event: 0.048 Thread 0x000000000222e800 Exception <a 'java/lang/NoSuchMethodError': Method sun.misc.Unsafe.defineClass(Ljava/lang/String;[BII)Ljava/lang/Class; name or signature does not match> (0x00000000ead0d0c8) thrown at [C:\re\workspace\8-2-build-windows-amd64-cygwin\jdk8u60\4407\hotspot\sr„÷ “b¨?
Event: 0.048 Thread 0x000000000222e800 Exception <a 'java/lang/NoSuchMethodError': Method sun.misc.Unsafe.prefetchRead(Ljava/lang/Object;J)V name or signature does not match> (0x00000000ead0d3b0) thrown at [C:\re\workspace\8-2-build-windows-amd64-cygwin\jdk8u60\4407\hotspot\src\share\vm\prims\j

Events (10 events):
Event: 0.818 loading class net/sourceforge/plantuml/sequencediagram/command/CommandParticipantA2
Event: 0.818 loading class net/sourceforge/plantuml/sequencediagram/command/CommandParticipantA2 done
Event: 0.820 loading class net/sourceforge/plantuml/sequencediagram/command/CommandParticipantA3
Event: 0.820 loading class net/sourceforge/plantuml/sequencediagram/command/CommandParticipantA3 done
Event: 0.822 loading class net/sourceforge/plantuml/sequencediagram/command/CommandParticipantA4
Event: 0.822 loading class net/sourceforge/plantuml/sequencediagram/command/CommandParticipantA4 done
Event: 0.824 loading class net/sourceforge/plantuml/sequencediagram/command/CommandArrow
Event: 0.824 loading class net/sourceforge/plantuml/sequencediagram/command/CommandArrow done
Event: 0.824 loading class net/sourceforge/plantuml/sequencediagram/AbstractMessage
Event: 0.824 loading class net/sourceforge/plantuml/sequencediagram/AbstractMessage done


Dynamic libraries:
0x000000013f0d0000 - 0x000000013f107000 	C:\Program Files\Java\jre1.8.0_60\bin\javaw.exe
0x00000000772a0000 - 0x0000000077449000 	C:\Windows\SYSTEM32\ntdll.dll
0x0000000077080000 - 0x000000007719f000 	C:\Windows\system32\kernel32.dll
0x000007fefd3c0000 - 0x000007fefd42c000 	C:\Windows\system32\KERNELBASE.dll
0x000007fefd640000 - 0x000007fefd71b000 	C:\Windows\system32\ADVAPI32.dll
0x000007fefeb30000 - 0x000007fefebcf000 	C:\Windows\system32\msvcrt.dll
0x000007fefeb10000 - 0x000007fefeb2f000 	C:\Windows\SYSTEM32\sechost.dll
0x000007fefd720000 - 0x000007fefd84d000 	C:\Windows\system32\RPCRT4.dll
0x00000000771a0000 - 0x000000007729a000 	C:\Windows\system32\USER32.dll
0x000007feff540000 - 0x000007feff5a7000 	C:\Windows\system32\GDI32.dll
0x000007fefd560000 - 0x000007fefd56e000 	C:\Windows\system32\LPK.dll
0x000007fefd570000 - 0x000007fefd639000 	C:\Windows\system32\USP10.dll
0x000007fefb7f0000 - 0x000007fefb9e4000 	C:\Windows\WinSxS\amd64_microsoft.windows.common-controls_6595b64144ccf1df_6.0.7601.17514_none_fa396087175ac9ac\COMCTL32.dll
0x000007fefebd0000 - 0x000007fefec41000 	C:\Windows\system32\SHLWAPI.dll
0x000007fefec50000 - 0x000007fefec7e000 	C:\Windows\system32\IMM32.DLL
0x000007fefec80000 - 0x000007fefed89000 	C:\Windows\system32\MSCTF.dll
0x000000006f5d0000 - 0x000000006f6a2000 	C:\Program Files\Java\jre1.8.0_60\bin\msvcr100.dll
0x0000000060a10000 - 0x0000000061299000 	C:\Program Files\Java\jre1.8.0_60\bin\server\jvm.dll
0x000007fef59b0000 - 0x000007fef59b9000 	C:\Windows\system32\WSOCK32.dll
0x000007fefd510000 - 0x000007fefd55d000 	C:\Windows\system32\WS2_32.dll
0x000007fefda80000 - 0x000007fefda88000 	C:\Windows\system32\NSI.dll
0x000007fefa600000 - 0x000007fefa63b000 	C:\Windows\system32\WINMM.dll
0x000007fefc090000 - 0x000007fefc09c000 	C:\Windows\system32\VERSION.dll
0x0000000077470000 - 0x0000000077477000 	C:\Windows\system32\PSAPI.DLL
0x00000000740f0000 - 0x00000000740ff000 	C:\Program Files\Java\jre1.8.0_60\bin\verify.dll
0x0000000072860000 - 0x0000000072889000 	C:\Program Files\Java\jre1.8.0_60\bin\java.dll
0x00000000703c0000 - 0x00000000703d6000 	C:\Program Files\Java\jre1.8.0_60\bin\zip.dll
0x000007fefda90000 - 0x000007fefe818000 	C:\Windows\system32\SHELL32.dll
0x000007fefe820000 - 0x000007fefea23000 	C:\Windows\system32\ole32.dll
0x000007fefd080000 - 0x000007fefd08f000 	C:\Windows\system32\profapi.dll

VM Arguments:
jvm_args: -Dfile.encoding=Cp1252 
java_command: parser1 D:\uml-parser-test-3 output.jpg
java_class_path (initial): D:\Workspace 202\UML Parser 202 Project\bin;D:\javaparser-1.0.8.jar;D:\plantuml.jar
Launcher Type: SUN_STANDARD

Environment Variables:
JAVA_HOME=C:\Program Files (x86)\Java\jdk1.7.0_17
PATH=C:/Program Files/Java/jre1.8.0_60/bin/server;C:/Program Files/Java/jre1.8.0_60/bin;C:/Program Files/Java/jre1.8.0_60/lib/amd64;C:\ProgramData\Oracle\Java\javapath;C:\Program Files\Java\jre7\bin;D:\Development\Android\sdk\platform-tools;D:\cygwin\bin;D:\Development\apache-ant-1.9.3\bin;D:\cygwin\android-ndk-r9c;D:\Development\Android\sdk\tools\android.bat;D:\Development\Android\sdk\tools;D:\Development\tess-two;C:\Program Files\nodejs;C:\Program Files (x86)\Graphviz2.30\bin;C:\Windows\System32;C:\Program Files\MongoDB\Server\3.0\bin;C:\Users\user\AppData\Roaming\npm;F:\eclipse;
USERNAME=user
OS=Windows_NT
PROCESSOR_IDENTIFIER=Intel64 Family 6 Model 42 Stepping 7, GenuineIntel



---------------  S Y S T E M  ---------------

OS: Windows 7 , 64 bit Build 7601 (6.1.7601.18409)

CPU:total 4 (2 cores per cpu, 2 threads per core) family 6 model 42 stepping 7, cmov, cx8, fxsr, mmx, sse, sse2, sse3, ssse3, sse4.1, sse4.2, popcnt, avx, aes, clmul, ht, tsc, tscinvbit

Memory: 4k page, physical 4163952k(833176k free), swap 10600540k(5120k free)

vm_info: Java HotSpot(TM) 64-Bit Server VM (25.60-b23) for windows-amd64 JRE (1.8.0_60-b27), built on Aug  4 2015 11:06:27 by "java_re" with MS VC++ 10.0 (VS2010)

time: Fri Oct 30 17:34:34 2015
elapsed time: 0 seconds (0d 0h 0m 0s)

