#
# There is insufficient memory for the Java Runtime Environment to continue.
# Native memory allocation (malloc) failed to allocate 359088 bytes for Chunk::new
# Possible reasons:
#   The system is out of physical RAM or swap space
#   In 32 bit mode, the process size limit was hit
# Possible solutions:
#   Reduce memory load on the system
#   Increase physical memory or swap space
#   Check if swap backing store is full
#   Use 64 bit Java on a 64 bit OS
#   Decrease Java heap size (-Xmx/-Xms)
#   Decrease number of Java threads
#   Decrease Java thread stack sizes (-Xss)
#   Set larger code cache with -XX:ReservedCodeCacheSize=
# This output file may be truncated or incomplete.
#
#  Out of Memory Error (allocation.cpp:390), pid=9452, tid=7560
#
# JRE version: Java(TM) SE Runtime Environment (8.0_60-b27) (build 1.8.0_60-b27)
# Java VM: Java HotSpot(TM) 64-Bit Server VM (25.60-b23 mixed mode windows-amd64 compressed oops)
# Failed to write core dump. Minidumps are not enabled by default on client versions of Windows
#

---------------  T H R E A D  ---------------

Current thread (0x0000000056820800):  JavaThread "C2 CompilerThread1" daemon [_thread_in_native, id=7560, stack(0x0000000056cc0000,0x0000000056dc0000)]

Stack: [0x0000000056cc0000,0x0000000056dc0000]
[error occurred during error reporting (printing stack bounds), id 0xc0000005]

Native frames: (J=compiled Java code, j=interpreted, Vv=VM code, C=native code)


Current CompileTask:
C2:   5728 1110 %     4       com.sun.imageio.plugins.png.PNGImageWriter::encodePass @ 790 (1063 bytes)


---------------  P R O C E S S  ---------------

Java Threads: ( => current thread )
  0x0000000057574800 JavaThread "AWT-Windows" daemon [_thread_in_native, id=5416, stack(0x0000000057ed0000,0x0000000057fd0000)]
  0x00000000574e9800 JavaThread "Java2D Disposer" daemon [_thread_blocked, id=2980, stack(0x00000000579b0000,0x0000000057ab0000)]
  0x00000000568a5000 JavaThread "Service Thread" daemon [_thread_blocked, id=3240, stack(0x00000000570b0000,0x00000000571b0000)]
  0x0000000056821800 JavaThread "C1 CompilerThread2" daemon [_thread_blocked, id=8536, stack(0x0000000056ee0000,0x0000000056fe0000)]
=>0x0000000056820800 JavaThread "C2 CompilerThread1" daemon [_thread_in_native, id=7560, stack(0x0000000056cc0000,0x0000000056dc0000)]
  0x00000000550c8800 JavaThread "C2 CompilerThread0" daemon [_thread_in_native, id=4196, stack(0x0000000056720000,0x0000000056820000)]
  0x00000000550c6000 JavaThread "Attach Listener" daemon [_thread_blocked, id=7544, stack(0x0000000056600000,0x0000000056700000)]
  0x00000000550c2800 JavaThread "Signal Dispatcher" daemon [_thread_blocked, id=8728, stack(0x0000000056420000,0x0000000056520000)]
  0x0000000055066800 JavaThread "Finalizer" daemon [_thread_blocked, id=6552, stack(0x00000000561b0000,0x00000000562b0000)]
  0x000000005505f800 JavaThread "Reference Handler" daemon [_thread_blocked, id=8312, stack(0x00000000562d0000,0x00000000563d0000)]
  0x000000000228e800 JavaThread "main" [_thread_in_native, id=9968, stack(0x00000000024a0000,0x00000000025a0000)]

Other Threads:
  0x000000005505a000 VMThread [stack: 0x00000000560a0000,0x00000000561a0000] [id=7456]
  0x00000000568ae000 WatcherThread [stack: 0x0000000056de0000,0x0000000056ee0000] [id=9612]

VM state:not at safepoint (normal execution)

VM Mutex/Monitor currently owned by a thread: None

Heap:
 PSYoungGen      total 18944K, used 17889K [0x00000000ead00000, 0x00000000ed200000, 0x0000000100000000)
  eden space 16384K, 93% used [0x00000000ead00000,0x00000000ebc09808,0x00000000ebd00000)
  from space 2560K, 97% used [0x00000000ebd00000,0x00000000ebf6ec00,0x00000000ebf80000)
  to   space 2560K, 0% used [0x00000000ecf80000,0x00000000ecf80000,0x00000000ed200000)
 ParOldGen       total 44032K, used 3514K [0x00000000c0600000, 0x00000000c3100000, 0x00000000ead00000)
  object space 44032K, 7% used [0x00000000c0600000,0x00000000c096e9c8,0x00000000c3100000)
 Metaspace       used 12373K, capacity 12566K, committed 12800K, reserved 1060864K
  class space    used 1428K, capacity 1503K, committed 1536K, reserved 1048576K

Card table byte_map: [0x0000000011c30000,0x0000000011e30000] byte_map_base: 0x000000001162d000

Marking Bits: (ParMarkBitMap*) 0x000000006121a5b0
 Begin Bits: [0x0000000012500000, 0x00000000134e8000)
 End Bits:   [0x00000000134e8000, 0x00000000144d0000)

Polling page: 0x0000000000230000

CodeCache: size=245760Kb used=4266Kb max_used=4279Kb free=241493Kb
 bounds [0x0000000002870000, 0x0000000002cb0000, 0x0000000011870000]
 total_blobs=1677 nmethods=1164 adapters=426
 compilation: enabled

Compilation events (10 events):
Event: 5.702 Thread 0x0000000056821800 1156       3       sun.awt.image.SunWritableRaster::stealData (11 bytes)
Event: 5.702 Thread 0x0000000056821800 nmethod 1156 0x0000000002c8bf10 code [0x0000000002c8c080, 0x0000000002c8c290]
Event: 5.702 Thread 0x0000000056821800 1157       3       sun.awt.image.ByteComponentRaster::verify (566 bytes)
Event: 5.704 Thread 0x00000000550c8800 nmethod 1139% 0x0000000002c8f790 code [0x0000000002c8f8e0, 0x0000000002c90018]
Event: 5.705 Thread 0x00000000550c8800 1160 %     4       sun.awt.image.ByteInterleavedRaster::putByteData @ 442 (834 bytes)
Event: 5.705 Thread 0x0000000056821800 nmethod 1157 0x0000000002c90350 code [0x0000000002c909c0, 0x0000000002c94bc8]
Event: 5.705 Thread 0x0000000056821800 1158       3       java.awt.image.ComponentSampleModel::getBufferSize (191 bytes)
Event: 5.706 Thread 0x0000000056821800 nmethod 1158 0x0000000002c8e910 code [0x0000000002c8eb20, 0x0000000002c8f3e8]
Event: 5.706 Thread 0x0000000056821800 1159       3       sun.awt.image.ByteInterleavedRaster::setDataElements (18 bytes)
Event: 5.706 Thread 0x0000000056821800 nmethod 1159 0x0000000002c8e450 code [0x0000000002c8e5c0, 0x0000000002c8e828]

GC Heap History (6 events):
Event: 1.029 GC heap before
{Heap before GC invocations=1 (full 0):
 PSYoungGen      total 18944K, used 16384K [0x00000000ead00000, 0x00000000ec200000, 0x0000000100000000)
  eden space 16384K, 100% used [0x00000000ead00000,0x00000000ebd00000,0x00000000ebd00000)
  from space 2560K, 0% used [0x00000000ebf80000,0x00000000ebf80000,0x00000000ec200000)
  to   space 2560K, 0% used [0x00000000ebd00000,0x00000000ebd00000,0x00000000ebf80000)
 ParOldGen       total 44032K, used 0K [0x00000000c0600000, 0x00000000c3100000, 0x00000000ead00000)
  object space 44032K, 0% used [0x00000000c0600000,0x00000000c0600000,0x00000000c3100000)
 Metaspace       used 5061K, capacity 6264K, committed 6528K, reserved 1056768K
  class space    used 586K, capacity 616K, committed 640K, reserved 1048576K
Event: 1.039 GC heap after
Heap after GC invocations=1 (full 0):
 PSYoungGen      total 18944K, used 2528K [0x00000000ead00000, 0x00000000ec200000, 0x0000000100000000)
  eden space 16384K, 0% used [0x00000000ead00000,0x00000000ead00000,0x00000000ebd00000)
  from space 2560K, 98% used [0x00000000ebd00000,0x00000000ebf78020,0x00000000ebf80000)
  to   space 2560K, 0% used [0x00000000ebf80000,0x00000000ebf80000,0x00000000ec200000)
 ParOldGen       total 44032K, used 2621K [0x00000000c0600000, 0x00000000c3100000, 0x00000000ead00000)
  object space 44032K, 5% used [0x00000000c0600000,0x00000000c088f660,0x00000000c3100000)
 Metaspace       used 5061K, capacity 6264K, committed 6528K, reserved 1056768K
  class space    used 586K, capacity 616K, committed 640K, reserved 1048576K
}
Event: 4.956 GC heap before
{Heap before GC invocations=2 (full 0):
 PSYoungGen      total 18944K, used 18912K [0x00000000ead00000, 0x00000000ec200000, 0x0000000100000000)
  eden space 16384K, 100% used [0x00000000ead00000,0x00000000ebd00000,0x00000000ebd00000)
  from space 2560K, 98% used [0x00000000ebd00000,0x00000000ebf78020,0x00000000ebf80000)
  to   space 2560K, 0% used [0x00000000ebf80000,0x00000000ebf80000,0x00000000ec200000)
 ParOldGen       total 44032K, used 2621K [0x00000000c0600000, 0x00000000c3100000, 0x00000000ead00000)
  object space 44032K, 5% used [0x00000000c0600000,0x00000000c088f660,0x00000000c3100000)
 Metaspace       used 10680K, capacity 10838K, committed 11136K, reserved 1058816K
  class space    used 1239K, capacity 1311K, committed 1408K, reserved 1048576K
Event: 4.972 GC heap after
Heap after GC invocations=2 (full 0):
 PSYoungGen      total 18944K, used 2533K [0x00000000ead00000, 0x00000000ec200000, 0x0000000100000000)
  eden space 16384K, 0% used [0x00000000ead00000,0x00000000ead00000,0x00000000ebd00000)
  from space 2560K, 98% used [0x00000000ebf80000,0x00000000ec1f95e8,0x00000000ec200000)
  to   space 2560K, 0% used [0x00000000ebd00000,0x00000000ebd00000,0x00000000ebf80000)
 ParOldGen       total 44032K, used 3506K [0x00000000c0600000, 0x00000000c3100000, 0x00000000ead00000)
  object space 44032K, 7% used [0x00000000c0600000,0x00000000c096c9c8,0x00000000c3100000)
 Metaspace       used 10680K, capacity 10838K, committed 11136K, reserved 1058816K
  class space    used 1239K, capacity 1311K, committed 1408K, reserved 1048576K
}
Event: 5.321 GC heap before
{Heap before GC invocations=3 (full 0):
 PSYoungGen      total 18944K, used 18917K [0x00000000ead00000, 0x00000000ec200000, 0x0000000100000000)
  eden space 16384K, 100% used [0x00000000ead00000,0x00000000ebd00000,0x00000000ebd00000)
  from space 2560K, 98% used [0x00000000ebf80000,0x00000000ec1f95e8,0x00000000ec200000)
  to   space 2560K, 0% used [0x00000000ebd00000,0x00000000ebd00000,0x00000000ebf80000)
 ParOldGen       total 44032K, used 3506K [0x00000000c0600000, 0x00000000c3100000, 0x00000000ead00000)
  object space 44032K, 7% used [0x00000000c0600000,0x00000000c096c9c8,0x00000000c3100000)
 Metaspace       used 11091K, capacity 11254K, committed 11392K, reserved 1058816K
  class space    used 1282K, capacity 1343K, committed 1408K, reserved 1048576K
Event: 5.331 GC heap after
Heap after GC invocations=3 (full 0):
 PSYoungGen      total 18944K, used 2491K [0x00000000ead00000, 0x00000000ed200000, 0x0000000100000000)
  eden space 16384K, 0% used [0x00000000ead00000,0x00000000ead00000,0x00000000ebd00000)
  from space 2560K, 97% used [0x00000000ebd00000,0x00000000ebf6ec00,0x00000000ebf80000)
  to   space 2560K, 0% used [0x00000000ecf80000,0x00000000ecf80000,0x00000000ed200000)
 ParOldGen       total 44032K, used 3514K [0x00000000c0600000, 0x00000000c3100000, 0x00000000ead00000)
  object space 44032K, 7% used [0x00000000c0600000,0x00000000c096e9c8,0x00000000c3100000)
 Metaspace       used 11091K, capacity 11254K, committed 11392K, reserved 1058816K
  class space    used 1282K, capacity 1343K, committed 1408K, reserved 1048576K
}

Deoptimization events (10 events):
Event: 1.226 Thread 0x000000000228e800 Uncommon trap: reason=unstable_if action=reinterpret pc=0x0000000002ae6664 method=java.util.regex.Pattern$5.isSatisfiedBy(I)Z @ 19
Event: 1.438 Thread 0x000000000228e800 Uncommon trap: reason=unstable_if action=reinterpret pc=0x0000000002a2f560 method=java.lang.String.indexOf([CII[CIII)I @ 3
Event: 4.696 Thread 0x000000000228e800 Uncommon trap: reason=unstable_if action=reinterpret pc=0x0000000002badd44 method=java.util.regex.Pattern$SliceI.match(Ljava/util/regex/Matcher;ILjava/lang/CharSequence;)Z @ 71
Event: 4.697 Thread 0x000000000228e800 Uncommon trap: reason=unstable_if action=reinterpret pc=0x0000000002a75de8 method=java.util.regex.Pattern$BnM.optimize(Ljava/util/regex/Pattern$Node;)Ljava/util/regex/Pattern$Node; @ 22
Event: 4.697 Thread 0x000000000228e800 Uncommon trap: reason=bimorphic action=maybe_recompile pc=0x0000000002b59af4 method=java.util.regex.Matcher.search(I)Z @ 86
Event: 4.697 Thread 0x000000000228e800 Uncommon trap: reason=class_check action=maybe_recompile pc=0x00000000029fd014 method=java.util.regex.Pattern$Slice.match(Ljava/util/regex/Matcher;ILjava/lang/CharSequence;)Z @ 75
Event: 4.697 Thread 0x000000000228e800 Uncommon trap: reason=class_check action=maybe_recompile pc=0x00000000029fd014 method=java.util.regex.Pattern$Slice.match(Ljava/util/regex/Matcher;ILjava/lang/CharSequence;)Z @ 75
Event: 4.697 Thread 0x000000000228e800 Uncommon trap: reason=class_check action=maybe_recompile pc=0x00000000029fd014 method=java.util.regex.Pattern$Slice.match(Ljava/util/regex/Matcher;ILjava/lang/CharSequence;)Z @ 75
Event: 4.929 Thread 0x000000000228e800 Uncommon trap: reason=class_check action=maybe_recompile pc=0x00000000029fd014 method=java.util.regex.Pattern$Slice.match(Ljava/util/regex/Matcher;ILjava/lang/CharSequence;)Z @ 75
Event: 5.612 Thread 0x000000000228e800 Uncommon trap: reason=unstable_if action=reinterpret pc=0x0000000002b90a8c method=java.io.WinNTFileSystem.normalize(Ljava/lang/String;)Ljava/lang/String; @ 128

Internal exceptions (10 events):
Event: 0.063 Thread 0x000000000228e800 Exception <a 'java/lang/NoSuchMethodError': Method sun.misc.Unsafe.defineClass(Ljava/lang/String;[BII)Ljava/lang/Class; name or signature does not match> (0x00000000ead0d0c8) thrown at [C:\re\workspace\8-2-build-windows-amd64-cygwin\jdk8u60\4407\hotspot\sr|K‚z,@°?
Event: 0.063 Thread 0x000000000228e800 Exception <a 'java/lang/NoSuchMethodError': Method sun.misc.Unsafe.prefetchRead(Ljava/lang/Object;J)V name or signature does not match> (0x00000000ead0d3b0) thrown at [C:\re\workspace\8-2-build-windows-amd64-cygwin\jdk8u60\4407\hotspot\src\share\vm\prims\j?K‹€s¿ò?
Event: 1.172 Thread 0x000000000228e800 Exception <a 'java/security/PrivilegedActionException'> (0x00000000eb143088) thrown at [C:\re\workspace\8-2-build-windows-amd64-cygwin\jdk8u60\4407\hotspot\src\share\vm\prims\jvm.cpp, line 1386]
Event: 1.172 Thread 0x000000000228e800 Exception <a 'java/security/PrivilegedActionException'> (0x00000000eb143480) thrown at [C:\re\workspace\8-2-build-windows-amd64-cygwin\jdk8u60\4407\hotspot\src\share\vm\prims\jvm.cpp, line 1386]
Event: 1.173 Thread 0x000000000228e800 Exception <a 'java/security/PrivilegedActionException'> (0x00000000eb1473f8) thrown at [C:\re\workspace\8-2-build-windows-amd64-cygwin\jdk8u60\4407\hotspot\src\share\vm\prims\jvm.cpp, line 1386]
Event: 1.173 Thread 0x000000000228e800 Exception <a 'java/security/PrivilegedActionException'> (0x00000000eb1477f0) thrown at [C:\re\workspace\8-2-build-windows-amd64-cygwin\jdk8u60\4407\hotspot\src\share\vm\prims\jvm.cpp, line 1386]
Event: 1.315 Thread 0x000000000228e800 Exception <a 'java/io/FileNotFoundException'> (0x00000000eb1824c0) thrown at [C:\re\workspace\8-2-build-windows-amd64-cygwin\jdk8u60\4407\hotspot\src\share\vm\prims\jni.cpp, line 709]
Event: 1.385 Thread 0x000000000228e800 Exception <a 'java/lang/NoSuchFieldError': method resolution failed> (0x00000000eb24f928) thrown at [C:\re\workspace\8-2-build-windows-amd64-cygwin\jdk8u60\4407\hotspot\src\share\vm\prims\methodHandles.cpp, line 1146]
Event: 1.387 Thread 0x000000000228e800 Exception <a 'java/lang/NoSuchFieldError': method resolution failed> (0x00000000eb25d098) thrown at [C:\re\workspace\8-2-build-windows-amd64-cygwin\jdk8u60\4407\hotspot\src\share\vm\prims\methodHandles.cpp, line 1146]
Event: 1.524 Thread 0x000000000228e800 Exception <a 'java/io/FileNotFoundException'> (0x00000000eb389760) thrown at [C:\re\workspace\8-2-build-windows-amd64-cygwin\jdk8u60\4407\hotspot\src\share\vm\prims\jni.cpp, line 709]

Events (10 events):
Event: 5.667 loading class com/sun/imageio/plugins/common/ReaderUtil
Event: 5.668 loading class com/sun/imageio/plugins/common/ReaderUtil done
Event: 5.674 loading class java/io/RandomAccessFile$1
Event: 5.675 loading class java/io/RandomAccessFile$1 done
Event: 5.679 loading class javax/imageio/ImageIO$CanEncodeImageAndFormatFilter
Event: 5.679 loading class javax/imageio/ImageIO$CanEncodeImageAndFormatFilter done
Event: 5.681 loading class javax/imageio/stream/FileImageOutputStream
Event: 5.681 loading class javax/imageio/stream/FileImageOutputStream done
Event: 5.681 loading class com/sun/imageio/stream/CloseableDisposerRecord
Event: 5.681 loading class com/sun/imageio/stream/CloseableDisposerRecord done


Dynamic libraries:
0x000000013f470000 - 0x000000013f4a7000 	C:\Program Files\Java\jre1.8.0_60\bin\javaw.exe
0x00000000772a0000 - 0x0000000077449000 	C:\Windows\SYSTEM32\ntdll.dll
0x0000000077080000 - 0x000000007719f000 	C:\Windows\system32\kernel32.dll
0x000007fefd3c0000 - 0x000007fefd42c000 	C:\Windows\system32\KERNELBASE.dll
0x000007fefd640000 - 0x000007fefd71b000 	C:\Windows\system32\ADVAPI32.dll
0x000007fefeb30000 - 0x000007fefebcf000 	C:\Windows\system32\msvcrt.dll
0x000007fefeb10000 - 0x000007fefeb2f000 	C:\Windows\SYSTEM32\sechost.dll
0x000007fefd720000 - 0x000007fefd84d000 	C:\Windows\system32\RPCRT4.dll
0x00000000771a0000 - 0x000000007729a000 	C:\Windows\system32\USER32.dll
0x000007feff540000 - 0x000007feff5a7000 	C:\Windows\system32\GDI32.dll
0x000007fefd560000 - 0x000007fefd56e000 	C:\Windows\system32\LPK.dll
0x000007fefd570000 - 0x000007fefd639000 	C:\Windows\system32\USP10.dll
0x000007fefb7f0000 - 0x000007fefb9e4000 	C:\Windows\WinSxS\amd64_microsoft.windows.common-controls_6595b64144ccf1df_6.0.7601.17514_none_fa396087175ac9ac\COMCTL32.dll
0x000007fefebd0000 - 0x000007fefec41000 	C:\Windows\system32\SHLWAPI.dll
0x000007fefec50000 - 0x000007fefec7e000 	C:\Windows\system32\IMM32.DLL
0x000007fefec80000 - 0x000007fefed89000 	C:\Windows\system32\MSCTF.dll
0x000000006f5d0000 - 0x000000006f6a2000 	C:\Program Files\Java\jre1.8.0_60\bin\msvcr100.dll
0x0000000060a10000 - 0x0000000061299000 	C:\Program Files\Java\jre1.8.0_60\bin\server\jvm.dll
0x000007fef59b0000 - 0x000007fef59b9000 	C:\Windows\system32\WSOCK32.dll
0x000007fefd510000 - 0x000007fefd55d000 	C:\Windows\system32\WS2_32.dll
0x000007fefda80000 - 0x000007fefda88000 	C:\Windows\system32\NSI.dll
0x000007fefa600000 - 0x000007fefa63b000 	C:\Windows\system32\WINMM.dll
0x000007fefc090000 - 0x000007fefc09c000 	C:\Windows\system32\VERSION.dll
0x0000000077470000 - 0x0000000077477000 	C:\Windows\system32\PSAPI.DLL
0x00000000740f0000 - 0x00000000740ff000 	C:\Program Files\Java\jre1.8.0_60\bin\verify.dll
0x0000000072860000 - 0x0000000072889000 	C:\Program Files\Java\jre1.8.0_60\bin\java.dll
0x00000000703c0000 - 0x00000000703d6000 	C:\Program Files\Java\jre1.8.0_60\bin\zip.dll
0x000007fefda90000 - 0x000007fefe818000 	C:\Windows\system32\SHELL32.dll
0x000007fefe820000 - 0x000007fefea23000 	C:\Windows\system32\ole32.dll
0x000007fefd080000 - 0x000007fefd08f000 	C:\Windows\system32\profapi.dll
0x00000000696e0000 - 0x0000000069878000 	C:\Program Files\Java\jre1.8.0_60\bin\awt.dll
0x000007fefea30000 - 0x000007fefeb07000 	C:\Windows\system32\OLEAUT32.dll
0x000007fefb1e0000 - 0x000007fefb1f8000 	C:\Windows\system32\DWMAPI.DLL
0x000007fefcf50000 - 0x000007fefcfa7000 	C:\Windows\system32\apphelp.dll
0x000000006fde0000 - 0x000000006fe27000 	C:\Program Files\Java\jre1.8.0_60\bin\fontmanager.dll
0x000007fefb610000 - 0x000007fefb666000 	C:\Windows\system32\uxtheme.dll
0x000007fefcfb0000 - 0x000007fefcfbf000 	C:\Windows\system32\CRYPTBASE.dll
0x000007fee8de0000 - 0x000007fee8fdf000 	C:\Windows\system32\d3d9.dll
0x000007fefac30000 - 0x000007fefac37000 	C:\Windows\system32\d3d8thk.dll
0x0000000071cb0000 - 0x0000000071d99000 	C:\Windows\system32\aticfx64.dll
0x000007fef4830000 - 0x000007fef483e000 	C:\Windows\system32\atiu9p64.dll
0x000000005f220000 - 0x000000005f958000 	C:\Windows\system32\atiumd64.dll
0x0000000061b50000 - 0x0000000061f3f000 	C:\Windows\system32\atiumd6a.dll
0x00000000703e0000 - 0x00000000703fa000 	C:\Program Files\Java\jre1.8.0_60\bin\net.dll
0x000007fefc8f0000 - 0x000007fefc945000 	C:\Windows\system32\mswsock.dll
0x000007fefc8e0000 - 0x000007fefc8e7000 	C:\Windows\System32\wship6.dll
0x000000006fea0000 - 0x000000006feb1000 	C:\Program Files\Java\jre1.8.0_60\bin\nio.dll
0x000000006fbc0000 - 0x000000006fc02000 	C:\Program Files\Java\jre1.8.0_60\bin\t2k.dll
0x000000006fb10000 - 0x000000006fbb2000 	C:\Program Files\Java\jre1.8.0_60\bin\mlib_image.dll
0x000000006fdb0000 - 0x000000006fdda000 	C:\Program Files\Java\jre1.8.0_60\bin\dcpr.dll
0x000007fefc950000 - 0x000007fefc967000 	C:\Windows\system32\CRYPTSP.dll
0x000007fefc650000 - 0x000007fefc697000 	C:\Windows\system32\rsaenh.dll
0x000007fefc490000 - 0x000007fefc4ae000 	C:\Windows\system32\USERENV.dll
0x000007fefc060000 - 0x000007fefc087000 	C:\Windows\system32\IPHLPAPI.DLL
0x000007fefc050000 - 0x000007fefc05b000 	C:\Windows\system32\WINNSI.DLL
0x000007fefa000000 - 0x000007fefa011000 	C:\Windows\system32\dhcpcsvc6.DLL
0x000007fef9fe0000 - 0x000007fef9ff8000 	C:\Windows\system32\dhcpcsvc.DLL

VM Arguments:
jvm_args: -Dfile.encoding=Cp1252 
java_command: parser1 D:\uml-parser-test-3 output.jpg
java_class_path (initial): D:\Workspace 202\UML Parser 202 Project\bin;D:\javaparser-1.0.8.jar;D:\plantuml.jar
Launcher Type: SUN_STANDARD

Environment Variables:
JAVA_HOME=C:\Program Files (x86)\Java\jdk1.7.0_17
PATH=C:/Program Files/Java/jre1.8.0_60/bin/server;C:/Program Files/Java/jre1.8.0_60/bin;C:/Program Files/Java/jre1.8.0_60/lib/amd64;C:\ProgramData\Oracle\Java\javapath;C:\Program Files\Java\jre7\bin;D:\Development\Android\sdk\platform-tools;D:\cygwin\bin;D:\Development\apache-ant-1.9.3\bin;D:\cygwin\android-ndk-r9c;D:\Development\Android\sdk\tools\android.bat;D:\Development\Android\sdk\tools;D:\Development\tess-two;C:\Program Files\nodejs;C:\Program Files (x86)\Graphviz2.30\bin;C:\Windows\System32;C:\Program Files\MongoDB\Server\3.0\bin;C:\Users\user\AppData\Roaming\npm;F:\eclipse;
USERNAME=user
OS=Windows_NT
PROCESSOR_IDENTIFIER=Intel64 Family 6 Model 42 Stepping 7, GenuineIntel



---------------  S Y S T E M  ---------------

OS: Windows 7 , 64 bit Build 7601 (6.1.7601.18409)

CPU:total 4 (2 cores per cpu, 2 threads per core) family 6 model 42 stepping 7, cmov, cx8, fxsr, mmx, sse, sse2, sse3, ssse3, sse4.1, sse4.2, popcnt, avx, aes, clmul, ht, tsc, tscinvbit

Memory: 4k page, physical 4163952k(831796k free), swap 10600540k(5168k free)

vm_info: Java HotSpot(TM) 64-Bit Server VM (25.60-b23) for windows-amd64 JRE (1.8.0_60-b27), built on Aug  4 2015 11:06:27 by "java_re" with MS VC++ 10.0 (VS2010)

time: Fri Oct 30 17:39:46 2015
elapsed time: 5 seconds (0d 0h 0m 5s)

