JvmtiExport can_access_local_variables 0
JvmtiExport can_hotswap_or_post_breakpoint 0
JvmtiExport can_post_on_exceptions 0
# 105 ciObject found
instanceKlass net/sourceforge/plantuml/sequencediagram/EventWithDeactivate
instanceKlass net/sourceforge/plantuml/sequencediagram/Event
instanceKlass net/sourceforge/plantuml/graphic/color/ColorParser
instanceKlass net/sourceforge/plantuml/UrlBuilder
instanceKlass net/sourceforge/plantuml/cucadiagram/IEntity
instanceKlass net/sourceforge/plantuml/LineConfigurable
instanceKlass net/sourceforge/plantuml/Removeable
instanceKlass net/sourceforge/plantuml/Hideable
instanceKlass net/sourceforge/plantuml/SpecificBackcolorable
instanceKlass java/lang/Class$4
instanceKlass net/sourceforge/plantuml/ugraphic/Sprite
instanceKlass net/sourceforge/plantuml/command/SingleLineCommand2
instanceKlass net/sourceforge/plantuml/command/FactorySpriteCommand
instanceKlass net/sourceforge/plantuml/command/note/SingleMultiFactoryCommand
instanceKlass net/sourceforge/plantuml/Scale
instanceKlass net/sourceforge/plantuml/command/CommandMultilinesBracket
instanceKlass net/sourceforge/plantuml/command/regex/RegexLeaf
instanceKlass net/sourceforge/plantuml/command/regex/RegexComposed
instanceKlass net/sourceforge/plantuml/command/regex/IRegex
instanceKlass net/sourceforge/plantuml/command/CommandMultilines2
instanceKlass java/util/regex/Pattern$CharPropertyNames$CharPropertyFactory
instanceKlass java/util/regex/Pattern$CharPropertyNames
instanceKlass net/sourceforge/plantuml/command/CommandMultilines
instanceKlass net/sourceforge/plantuml/command/SingleLineCommand
instanceKlass net/sourceforge/plantuml/command/Command
instanceKlass net/sourceforge/plantuml/AbstractPSystem
instanceKlass net/sourceforge/plantuml/command/PSystemAbstractFactory
instanceKlass net/sourceforge/plantuml/api/PSystemFactory
instanceKlass net/sourceforge/plantuml/core/Diagram
instanceKlass net/sourceforge/plantuml/PSystemBuilder
instanceKlass java/util/ArrayList$Itr
instanceKlass java/util/Collections$UnmodifiableCollection$1
instanceKlass net/sourceforge/plantuml/ugraphic/UShape
instanceKlass net/sourceforge/plantuml/ugraphic/UChange
instanceKlass net/sourceforge/plantuml/ugraphic/UGraphic2
instanceKlass net/sourceforge/plantuml/ugraphic/UGraphic
instanceKlass net/sourceforge/plantuml/FileFormatOption
instanceKlass net/sourceforge/plantuml/BlockUml
instanceKlass java/util/Collections$EmptyIterator
instanceKlass java/util/LinkedHashMap$LinkedHashIterator
instanceKlass net/sourceforge/plantuml/StringUtils
instanceKlass net/sourceforge/plantuml/utils/StartUtils
instanceKlass net/sourceforge/plantuml/OptionFlags
instanceKlass net/sourceforge/plantuml/CharSequence2Impl
instanceKlass net/sourceforge/plantuml/preproc/IfManager
instanceKlass net/sourceforge/plantuml/preproc/ReadLineInsertable
instanceKlass net/sourceforge/plantuml/preproc/PreprocessorInclude
instanceKlass net/sourceforge/plantuml/preproc/Preprocessor
instanceKlass java/util/regex/ASCII
instanceKlass java/util/regex/Pattern$TreeInfo
instanceKlass net/sourceforge/plantuml/command/regex/MyPattern
instanceKlass net/sourceforge/plantuml/LineLocationImpl
instanceKlass net/sourceforge/plantuml/LineLocation
instanceKlass net/sourceforge/plantuml/preproc/ReadLineReader
instanceKlass net/sourceforge/plantuml/CharSequence2
instanceKlass net/sourceforge/plantuml/preproc/UncommentReadLine
instanceKlass net/sourceforge/plantuml/preproc/ReadLine
instanceKlass net/sourceforge/plantuml/BlockUmlBuilder
instanceKlass net/sourceforge/plantuml/preproc/Defines
instanceKlass net/sourceforge/plantuml/graphic/UDrawable
instanceKlass net/sourceforge/plantuml/ugraphic/ColorMapper
instanceKlass net/sourceforge/plantuml/SourceStringReader
instanceKlass java/util/regex/Matcher
instanceKlass java/util/regex/MatchResult
instanceKlass java/util/regex/Pattern$Node
instanceKlass java/util/regex/Pattern
instanceKlass java/util/ArrayList$SubList$1
instanceKlass japa/parser/ast/visitor/DumpVisitor$SourcePrinter
instanceKlass japa/parser/ast/visitor/DumpVisitor
instanceKlass java/util/LinkedList$ListItr
instanceKlass java/util/ListIterator
instanceKlass japa/parser/ast/visitor/VoidVisitorAdapter
instanceKlass java/util/LinkedList$Node
instanceKlass japa/parser/ast/visitor/VoidVisitor
instanceKlass japa/parser/ast/body/ModifierSet
instanceKlass japa/parser/ASTParser$Modifier
instanceKlass japa/parser/Token
instanceKlass japa/parser/ASTParserTokenManager
instanceKlass japa/parser/JavaCharStream
instanceKlass japa/parser/ast/Node
instanceKlass japa/parser/ASTParser$JJCalls
instanceKlass japa/parser/ASTParser
instanceKlass japa/parser/ASTParserConstants
instanceKlass japa/parser/JavaParser
instanceKlass parser1$Inheritance
instanceKlass parser1$Association
instanceKlass java/lang/Void
instanceKlass sun/security/util/ManifestEntryVerifier
instanceKlass sun/security/util/SignatureFileVerifier
instanceKlass java/lang/Package
instanceKlass java/util/jar/JarVerifier$3
instanceKlass java/security/CodeSigner
instanceKlass java/util/jar/JarVerifier
instanceKlass sun/misc/ASCIICaseInsensitiveComparator
instanceKlass java/util/jar/Attributes$Name
instanceKlass java/util/jar/Attributes
instanceKlass java/awt/image/RenderedImage
instanceKlass java/lang/Class$MethodArray
instanceKlass sun/launcher/LauncherHelper$FXHelper
instanceKlass parser1
instanceKlass java/io/FilePermission$1
instanceKlass sun/net/www/MessageHeader
instanceKlass java/net/URLConnection
instanceKlass java/security/PermissionCollection
instanceKlass sun/nio/ByteBuffered
instanceKlass sun/misc/Resource
instanceKlass sun/misc/IOUtils
instanceKlass java/util/zip/ZStreamRef
instanceKlass java/util/zip/Inflater
instanceKlass java/util/zip/ZipEntry
instanceKlass sun/misc/ExtensionDependency
instanceKlass sun/misc/JarIndex
instanceKlass sun/nio/ch/DirectBuffer
instanceKlass sun/misc/PerfCounter$CoreCounters
instanceKlass sun/misc/Perf
instanceKlass sun/misc/Perf$GetPerfAction
instanceKlass sun/misc/PerfCounter
instanceKlass java/util/zip/ZipCoder
instanceKlass java/util/Deque
instanceKlass java/util/Queue
instanceKlass java/nio/charset/StandardCharsets
instanceKlass java/util/jar/JavaUtilJarAccessImpl
instanceKlass sun/misc/JavaUtilJarAccess
instanceKlass sun/misc/FileURLMapper
instanceKlass sun/misc/URLClassPath$JarLoader$1
instanceKlass sun/nio/cs/ThreadLocalCoders$Cache
instanceKlass sun/nio/cs/ThreadLocalCoders
instanceKlass java/util/zip/ZipFile$1
instanceKlass sun/misc/JavaUtilZipFileAccess
instanceKlass java/util/zip/ZipFile
instanceKlass java/util/zip/ZipConstants
instanceKlass sun/misc/URLClassPath$Loader
instanceKlass sun/misc/URLClassPath$3
instanceKlass sun/net/util/URLUtil
instanceKlass java/net/URLClassLoader$1
instanceKlass java/lang/StringCoding$StringDecoder
instanceKlass java/io/FileOutputStream$1
instanceKlass java/lang/StringCoding$StringEncoder
instanceKlass java/lang/ThreadLocal$ThreadLocalMap
instanceKlass java/lang/StringCoding
instanceKlass sun/usagetracker/UsageTrackerClient$3
instanceKlass java/util/TreeMap$Entry
instanceKlass java/lang/ProcessEnvironment$CheckedEntry
instanceKlass java/util/HashMap$HashIterator
instanceKlass java/lang/ProcessEnvironment$CheckedEntrySet$1
instanceKlass java/util/NavigableMap
instanceKlass java/util/SortedMap
instanceKlass java/util/Collections$UnmodifiableMap
instanceKlass java/lang/ProcessEnvironment$EntryComparator
instanceKlass java/lang/ProcessEnvironment$NameComparator
instanceKlass sun/usagetracker/UsageTrackerClient$2
instanceKlass sun/usagetracker/UsageTrackerClient$4
instanceKlass sun/usagetracker/UsageTrackerClient$1
instanceKlass java/util/concurrent/atomic/AtomicBoolean
instanceKlass sun/usagetracker/UsageTrackerClient
instanceKlass sun/misc/PostVMInitHook
instanceKlass java/lang/invoke/MethodHandleStatics$1
instanceKlass java/lang/invoke/MethodHandleStatics
instanceKlass java/lang/invoke/MemberName$Factory
instanceKlass java/lang/ClassValue$Version
instanceKlass java/lang/ClassValue$Identity
instanceKlass java/lang/ClassValue
instanceKlass java/lang/invoke/MethodHandleImpl$3
instanceKlass java/lang/invoke/MethodHandleImpl$2
instanceKlass java/util/function/Function
instanceKlass java/lang/invoke/MethodHandleImpl$1
instanceKlass java/lang/invoke/MethodHandleImpl
instanceKlass java/lang/SystemClassLoaderAction
instanceKlass sun/misc/Launcher$AppClassLoader$1
instanceKlass sun/misc/URLClassPath
instanceKlass java/security/Principal
instanceKlass java/security/ProtectionDomain$Key
instanceKlass java/security/ProtectionDomain$2
instanceKlass sun/misc/JavaSecurityProtectionDomainAccess
instanceKlass java/security/ProtectionDomain$JavaSecurityAccessImpl
instanceKlass sun/misc/JavaSecurityAccess
instanceKlass java/net/URLStreamHandler
instanceKlass java/net/Parts
instanceKlass java/util/BitSet
instanceKlass sun/net/www/ParseUtil
instanceKlass java/io/FileInputStream$1
instanceKlass java/lang/CharacterData
instanceKlass sun/util/locale/LocaleUtils
instanceKlass java/util/Locale$LocaleKey
instanceKlass sun/util/locale/BaseLocale$Key
instanceKlass sun/util/locale/BaseLocale
instanceKlass java/util/concurrent/ConcurrentHashMap$CollectionView
instanceKlass java/util/concurrent/ConcurrentHashMap$CounterCell
instanceKlass java/util/concurrent/ConcurrentHashMap$Node
instanceKlass java/util/concurrent/locks/ReentrantLock
instanceKlass java/util/concurrent/locks/Lock
instanceKlass java/util/concurrent/ConcurrentMap
instanceKlass sun/util/locale/LocaleObjectCache
instanceKlass java/util/Locale
instanceKlass java/lang/reflect/Array
instanceKlass java/nio/charset/CoderResult$Cache
instanceKlass java/nio/charset/CoderResult
instanceKlass java/nio/charset/CharsetDecoder
instanceKlass sun/nio/cs/ArrayDecoder
instanceKlass java/io/Reader
instanceKlass java/lang/Readable
instanceKlass sun/misc/MetaIndex
instanceKlass sun/misc/Launcher$ExtClassLoader$1
